{"total": {"lines":{"total":3295,"covered":2518,"skipped":0,"pct":76.41},"statements":{"total":4082,"covered":3078,"skipped":0,"pct":75.4},"functions":{"total":611,"covered":508,"skipped":0,"pct":83.14},"branches":{"total":3648,"covered":2386,"skipped":0,"pct":65.4},"branchesTrue":{"total":0,"covered":0,"skipped":0,"pct":100}}
,"/Users/aler/foodios/api/lib/aiBudget.js": {"lines":{"total":23,"covered":23,"skipped":0,"pct":100},"functions":{"total":2,"covered":2,"skipped":0,"pct":100},"statements":{"total":28,"covered":28,"skipped":0,"pct":100},"branches":{"total":25,"covered":24,"skipped":0,"pct":96}}
,"/Users/aler/foodios/api/lib/aiEngine.js": {"lines":{"total":138,"covered":122,"skipped":0,"pct":88.4},"functions":{"total":18,"covered":13,"skipped":0,"pct":72.22},"statements":{"total":172,"covered":143,"skipped":0,"pct":83.13},"branches":{"total":178,"covered":111,"skipped":0,"pct":62.35}}
,"/Users/aler/foodios/api/lib/auth.js": {"lines":{"total":86,"covered":1,"skipped":0,"pct":1.16},"functions":{"total":8,"covered":0,"skipped":0,"pct":0},"statements":{"total":95,"covered":1,"skipped":0,"pct":1.05},"branches":{"total":104,"covered":2,"skipped":0,"pct":1.92}}
,"/Users/aler/foodios/api/lib/cors.js": {"lines":{"total":20,"covered":20,"skipped":0,"pct":100},"functions":{"total":8,"covered":8,"skipped":0,"pct":100},"statements":{"total":27,"covered":27,"skipped":0,"pct":100},"branches":{"total":32,"covered":32,"skipped":0,"pct":100}}
,"/Users/aler/foodios/api/lib/cryptoCompare.js": {"lines":{"total":23,"covered":23,"skipped":0,"pct":100},"functions":{"total":3,"covered":3,"skipped":0,"pct":100},"statements":{"total":27,"covered":26,"skipped":0,"pct":96.29},"branches":{"total":35,"covered":34,"skipped":0,"pct":97.14}}
,"/Users/aler/foodios/api/lib/fattureInCloud.js": {"lines":{"total":63,"covered":63,"skipped":0,"pct":100},"functions":{"total":8,"covered":8,"skipped":0,"pct":100},"statements":{"total":69,"covered":69,"skipped":0,"pct":100},"branches":{"total":50,"covered":46,"skipped":0,"pct":92}}
,"/Users/aler/foodios/api/lib/integrationsCrypto.js": {"lines":{"total":57,"covered":37,"skipped":0,"pct":64.91},"functions":{"total":7,"covered":5,"skipped":0,"pct":71.42},"statements":{"total":70,"covered":44,"skipped":0,"pct":62.85},"branches":{"total":38,"covered":17,"skipped":0,"pct":44.73}}
,"/Users/aler/foodios/api/lib/originGuard.js": {"lines":{"total":11,"covered":11,"skipped":0,"pct":100},"functions":{"total":1,"covered":1,"skipped":0,"pct":100},"statements":{"total":13,"covered":13,"skipped":0,"pct":100},"branches":{"total":15,"covered":15,"skipped":0,"pct":100}}
,"/Users/aler/foodios/api/lib/rateLimit.js": {"lines":{"total":29,"covered":24,"skipped":0,"pct":82.75},"functions":{"total":2,"covered":2,"skipped":0,"pct":100},"statements":{"total":31,"covered":25,"skipped":0,"pct":80.64},"branches":{"total":31,"covered":21,"skipped":0,"pct":67.74}}
,"/Users/aler/foodios/api/lib/safeError.js": {"lines":{"total":32,"covered":31,"skipped":0,"pct":96.87},"functions":{"total":16,"covered":15,"skipped":0,"pct":93.75},"statements":{"total":35,"covered":34,"skipped":0,"pct":97.14},"branches":{"total":51,"covered":51,"skipped":0,"pct":100}}
,"/Users/aler/foodios/api/lib/safeFetch.js": {"lines":{"total":11,"covered":11,"skipped":0,"pct":100},"functions":{"total":4,"covered":4,"skipped":0,"pct":100},"statements":{"total":15,"covered":15,"skipped":0,"pct":100},"branches":{"total":10,"covered":10,"skipped":0,"pct":100}}
,"/Users/aler/foodios/api/lib/sdiFields.js": {"lines":{"total":11,"covered":11,"skipped":0,"pct":100},"functions":{"total":4,"covered":4,"skipped":0,"pct":100},"statements":{"total":16,"covered":16,"skipped":0,"pct":100},"branches":{"total":14,"covered":14,"skipped":0,"pct":100}}
,"/Users/aler/foodios/api/lib/sdiProvider.js": {"lines":{"total":14,"covered":14,"skipped":0,"pct":100},"functions":{"total":6,"covered":6,"skipped":0,"pct":100},"statements":{"total":16,"covered":16,"skipped":0,"pct":100},"branches":{"total":8,"covered":8,"skipped":0,"pct":100}}
,"/Users/aler/foodios/api/lib/validate.js": {"lines":{"total":13,"covered":13,"skipped":0,"pct":100},"functions":{"total":6,"covered":6,"skipped":0,"pct":100},"statements":{"total":15,"covered":15,"skipped":0,"pct":100},"branches":{"total":20,"covered":20,"skipped":0,"pct":100}}
,"/Users/aler/foodios/src/lib/allergeni.js": {"lines":{"total":22,"covered":22,"skipped":0,"pct":100},"functions":{"total":5,"covered":5,"skipped":0,"pct":100},"statements":{"total":29,"covered":29,"skipped":0,"pct":100},"branches":{"total":18,"covered":18,"skipped":0,"pct":100}}
,"/Users/aler/foodios/src/lib/analizzaFotoAI.js": {"lines":{"total":23,"covered":23,"skipped":0,"pct":100},"functions":{"total":6,"covered":6,"skipped":0,"pct":100},"statements":{"total":30,"covered":30,"skipped":0,"pct":100},"branches":{"total":17,"covered":17,"skipped":0,"pct":100}}
,"/Users/aler/foodios/src/lib/apiFetch.js": {"lines":{"total":40,"covered":39,"skipped":0,"pct":97.5},"functions":{"total":7,"covered":7,"skipped":0,"pct":100},"statements":{"total":45,"covered":44,"skipped":0,"pct":97.77},"branches":{"total":29,"covered":27,"skipped":0,"pct":93.1}}
,"/Users/aler/foodios/src/lib/auditClient.js": {"lines":{"total":12,"covered":12,"skipped":0,"pct":100},"functions":{"total":2,"covered":1,"skipped":0,"pct":50},"statements":{"total":15,"covered":14,"skipped":0,"pct":93.33},"branches":{"total":11,"covered":9,"skipped":0,"pct":81.81}}
,"/Users/aler/foodios/src/lib/autoDetectFormat.js": {"lines":{"total":20,"covered":15,"skipped":0,"pct":75},"functions":{"total":1,"covered":1,"skipped":0,"pct":100},"statements":{"total":20,"covered":15,"skipped":0,"pct":75},"branches":{"total":16,"covered":13,"skipped":0,"pct":81.25}}
,"/Users/aler/foodios/src/lib/autocomplete.js": {"lines":{"total":22,"covered":22,"skipped":0,"pct":100},"functions":{"total":4,"covered":4,"skipped":0,"pct":100},"statements":{"total":34,"covered":34,"skipped":0,"pct":100},"branches":{"total":29,"covered":28,"skipped":0,"pct":96.55}}
,"/Users/aler/foodios/src/lib/changelog.js": {"lines":{"total":1,"covered":0,"skipped":0,"pct":0},"functions":{"total":0,"covered":0,"skipped":0,"pct":100},"statements":{"total":1,"covered":0,"skipped":0,"pct":0},"branches":{"total":0,"covered":0,"skipped":0,"pct":100}}
,"/Users/aler/foodios/src/lib/costiAziendali.js": {"lines":{"total":41,"covered":40,"skipped":0,"pct":97.56},"functions":{"total":8,"covered":8,"skipped":0,"pct":100},"statements":{"total":54,"covered":47,"skipped":0,"pct":87.03},"branches":{"total":63,"covered":54,"skipped":0,"pct":85.71}}
,"/Users/aler/foodios/src/lib/dateLocal.js": {"lines":{"total":11,"covered":11,"skipped":0,"pct":100},"functions":{"total":3,"covered":3,"skipped":0,"pct":100},"statements":{"total":13,"covered":13,"skipped":0,"pct":100},"branches":{"total":8,"covered":7,"skipped":0,"pct":87.5}}
,"/Users/aler/foodios/src/lib/demoSeed.js": {"lines":{"total":41,"covered":35,"skipped":0,"pct":85.36},"functions":{"total":10,"covered":7,"skipped":0,"pct":70},"statements":{"total":48,"covered":40,"skipped":0,"pct":83.33},"branches":{"total":16,"covered":8,"skipped":0,"pct":50}}
,"/Users/aler/foodios/src/lib/exportGuard.js": {"lines":{"total":8,"covered":8,"skipped":0,"pct":100},"functions":{"total":3,"covered":3,"skipped":0,"pct":100},"statements":{"total":9,"covered":9,"skipped":0,"pct":100},"branches":{"total":8,"covered":5,"skipped":0,"pct":62.5}}
,"/Users/aler/foodios/src/lib/exportPDF.js": {"lines":{"total":331,"covered":0,"skipped":0,"pct":0},"functions":{"total":36,"covered":0,"skipped":0,"pct":0},"statements":{"total":351,"covered":0,"skipped":0,"pct":0},"branches":{"total":345,"covered":0,"skipped":0,"pct":0}}
,"/Users/aler/foodios/src/lib/foodcost.js": {"lines":{"total":163,"covered":125,"skipped":0,"pct":76.68},"functions":{"total":25,"covered":20,"skipped":0,"pct":80},"statements":{"total":195,"covered":143,"skipped":0,"pct":73.33},"branches":{"total":187,"covered":112,"skipped":0,"pct":59.89}}
,"/Users/aler/foodios/src/lib/formatiVendita.js": {"lines":{"total":80,"covered":78,"skipped":0,"pct":97.5},"functions":{"total":19,"covered":18,"skipped":0,"pct":94.73},"statements":{"total":100,"covered":87,"skipped":0,"pct":87},"branches":{"total":108,"covered":69,"skipped":0,"pct":63.88}}
,"/Users/aler/foodios/src/lib/importCassa.js": {"lines":{"total":214,"covered":214,"skipped":0,"pct":100},"functions":{"total":82,"covered":80,"skipped":0,"pct":97.56},"statements":{"total":289,"covered":286,"skipped":0,"pct":98.96},"branches":{"total":238,"covered":199,"skipped":0,"pct":83.61}}
,"/Users/aler/foodios/src/lib/importDelivery.js": {"lines":{"total":107,"covered":86,"skipped":0,"pct":80.37},"functions":{"total":41,"covered":32,"skipped":0,"pct":78.04},"statements":{"total":154,"covered":120,"skipped":0,"pct":77.92},"branches":{"total":105,"covered":73,"skipped":0,"pct":69.52}}
,"/Users/aler/foodios/src/lib/importEcommerce.js": {"lines":{"total":74,"covered":68,"skipped":0,"pct":91.89},"functions":{"total":24,"covered":24,"skipped":0,"pct":100},"statements":{"total":103,"covered":92,"skipped":0,"pct":89.32},"branches":{"total":75,"covered":54,"skipped":0,"pct":72}}
,"/Users/aler/foodios/src/lib/importZucchetti.js": {"lines":{"total":83,"covered":80,"skipped":0,"pct":96.38},"functions":{"total":14,"covered":14,"skipped":0,"pct":100},"statements":{"total":110,"covered":104,"skipped":0,"pct":94.54},"branches":{"total":65,"covered":49,"skipped":0,"pct":75.38}}
,"/Users/aler/foodios/src/lib/inventarioImport.js": {"lines":{"total":309,"covered":295,"skipped":0,"pct":95.46},"functions":{"total":26,"covered":26,"skipped":0,"pct":100},"statements":{"total":397,"covered":374,"skipped":0,"pct":94.2},"branches":{"total":415,"covered":349,"skipped":0,"pct":84.09}}
,"/Users/aler/foodios/src/lib/inventarioProduzione.js": {"lines":{"total":206,"covered":197,"skipped":0,"pct":95.63},"functions":{"total":43,"covered":43,"skipped":0,"pct":100},"statements":{"total":248,"covered":231,"skipped":0,"pct":93.14},"branches":{"total":215,"covered":170,"skipped":0,"pct":79.06}}
,"/Users/aler/foodios/src/lib/lessico.js": {"lines":{"total":5,"covered":5,"skipped":0,"pct":100},"functions":{"total":2,"covered":2,"skipped":0,"pct":100},"statements":{"total":5,"covered":5,"skipped":0,"pct":100},"branches":{"total":6,"covered":5,"skipped":0,"pct":83.33}}
,"/Users/aler/foodios/src/lib/movimentiSpeciali.js": {"lines":{"total":52,"covered":30,"skipped":0,"pct":57.69},"functions":{"total":9,"covered":5,"skipped":0,"pct":55.55},"statements":{"total":74,"covered":45,"skipped":0,"pct":60.81},"branches":{"total":75,"covered":36,"skipped":0,"pct":48}}
,"/Users/aler/foodios/src/lib/movimentoMP.js": {"lines":{"total":51,"covered":42,"skipped":0,"pct":82.35},"functions":{"total":8,"covered":7,"skipped":0,"pct":87.5},"statements":{"total":60,"covered":45,"skipped":0,"pct":75},"branches":{"total":57,"covered":42,"skipped":0,"pct":73.68}}
,"/Users/aler/foodios/src/lib/multiSediMerge.js": {"lines":{"total":9,"covered":9,"skipped":0,"pct":100},"functions":{"total":2,"covered":2,"skipped":0,"pct":100},"statements":{"total":12,"covered":11,"skipped":0,"pct":91.66},"branches":{"total":23,"covered":20,"skipped":0,"pct":86.95}}
,"/Users/aler/foodios/src/lib/parseFatturaXML.js": {"lines":{"total":107,"covered":104,"skipped":0,"pct":97.19},"functions":{"total":9,"covered":9,"skipped":0,"pct":100},"statements":{"total":132,"covered":126,"skipped":0,"pct":95.45},"branches":{"total":136,"covered":115,"skipped":0,"pct":84.55}}
,"/Users/aler/foodios/src/lib/parseRicettario.js": {"lines":{"total":40,"covered":40,"skipped":0,"pct":100},"functions":{"total":4,"covered":4,"skipped":0,"pct":100},"statements":{"total":52,"covered":51,"skipped":0,"pct":98.07},"branches":{"total":48,"covered":47,"skipped":0,"pct":97.91}}
,"/Users/aler/foodios/src/lib/pdfExport.js": {"lines":{"total":127,"covered":117,"skipped":0,"pct":92.12},"functions":{"total":10,"covered":8,"skipped":0,"pct":80},"statements":{"total":136,"covered":121,"skipped":0,"pct":88.97},"branches":{"total":61,"covered":48,"skipped":0,"pct":78.68}}
,"/Users/aler/foodios/src/lib/periodCompare.js": {"lines":{"total":89,"covered":67,"skipped":0,"pct":75.28},"functions":{"total":15,"covered":12,"skipped":0,"pct":80},"statements":{"total":111,"covered":78,"skipped":0,"pct":70.27},"branches":{"total":47,"covered":31,"skipped":0,"pct":65.95}}
,"/Users/aler/foodios/src/lib/planAccess.js": {"lines":{"total":17,"covered":16,"skipped":0,"pct":94.11},"functions":{"total":6,"covered":5,"skipped":0,"pct":83.33},"statements":{"total":21,"covered":20,"skipped":0,"pct":95.23},"branches":{"total":20,"covered":16,"skipped":0,"pct":80}}
,"/Users/aler/foodios/src/lib/rese.js": {"lines":{"total":19,"covered":17,"skipped":0,"pct":89.47},"functions":{"total":8,"covered":6,"skipped":0,"pct":75},"statements":{"total":23,"covered":18,"skipped":0,"pct":78.26},"branches":{"total":20,"covered":16,"skipped":0,"pct":80}}
,"/Users/aler/foodios/src/lib/safeStorage.js": {"lines":{"total":14,"covered":12,"skipped":0,"pct":85.71},"functions":{"total":6,"covered":6,"skipped":0,"pct":100},"statements":{"total":28,"covered":24,"skipped":0,"pct":85.71},"branches":{"total":9,"covered":7,"skipped":0,"pct":77.77}}
,"/Users/aler/foodios/src/lib/sanitize.js": {"lines":{"total":12,"covered":12,"skipped":0,"pct":100},"functions":{"total":4,"covered":4,"skipped":0,"pct":100},"statements":{"total":15,"covered":15,"skipped":0,"pct":100},"branches":{"total":13,"covered":13,"skipped":0,"pct":100}}
,"/Users/aler/foodios/src/lib/sepa.js": {"lines":{"total":45,"covered":45,"skipped":0,"pct":100},"functions":{"total":12,"covered":12,"skipped":0,"pct":100},"statements":{"total":60,"covered":58,"skipped":0,"pct":96.66},"branches":{"total":54,"covered":40,"skipped":0,"pct":74.07}}
,"/Users/aler/foodios/src/lib/stipendiCalc.js": {"lines":{"total":48,"covered":47,"skipped":0,"pct":97.91},"functions":{"total":6,"covered":6,"skipped":0,"pct":100},"statements":{"total":59,"covered":57,"skipped":0,"pct":96.61},"branches":{"total":37,"covered":36,"skipped":0,"pct":97.29}}
,"/Users/aler/foodios/src/lib/stockPF.js": {"lines":{"total":43,"covered":43,"skipped":0,"pct":100},"functions":{"total":8,"covered":8,"skipped":0,"pct":100},"statements":{"total":60,"covered":52,"skipped":0,"pct":86.66},"branches":{"total":63,"covered":53,"skipped":0,"pct":84.12}}
,"/Users/aler/foodios/src/lib/storage.js": {"lines":{"total":124,"covered":2,"skipped":0,"pct":1.61},"functions":{"total":17,"covered":1,"skipped":0,"pct":5.88},"statements":{"total":154,"covered":2,"skipped":0,"pct":1.29},"branches":{"total":143,"covered":0,"skipped":0,"pct":0}}
,"/Users/aler/foodios/src/lib/trasferimenti.js": {"lines":{"total":37,"covered":36,"skipped":0,"pct":97.29},"functions":{"total":7,"covered":7,"skipped":0,"pct":100},"statements":{"total":51,"covered":47,"skipped":0,"pct":92.15},"branches":{"total":66,"covered":61,"skipped":0,"pct":92.42}}
,"/Users/aler/foodios/src/lib/uiKit.js": {"lines":{"total":18,"covered":18,"skipped":0,"pct":100},"functions":{"total":8,"covered":8,"skipped":0,"pct":100},"statements":{"total":25,"covered":25,"skipped":0,"pct":100},"branches":{"total":31,"covered":29,"skipped":0,"pct":93.54}}
,"/Users/aler/foodios/src/lib/usageTracking.js": {"lines":{"total":12,"covered":10,"skipped":0,"pct":83.33},"functions":{"total":1,"covered":1,"skipped":0,"pct":100},"statements":{"total":15,"covered":12,"skipped":0,"pct":80},"branches":{"total":12,"covered":9,"skipped":0,"pct":75}}
,"/Users/aler/foodios/src/lib/venditeB2B.js": {"lines":{"total":87,"covered":72,"skipped":0,"pct":82.75},"functions":{"total":17,"covered":16,"skipped":0,"pct":94.11},"statements":{"total":115,"covered":82,"skipped":0,"pct":71.3},"branches":{"total":148,"covered":96,"skipped":0,"pct":64.86}}
}
